<?xml version="1.0" encoding="UTF-8"?>
<!-- Generated by org.testng.reporters.JUnitReportReporter -->
<testsuite hostname="DESKTOP-7JEQOQT" failures="0" tests="1" name="testCases.TC001_WebInput" time="7.156" errors="0" timestamp="2024-05-30T21:43:39 IST" skipped="0">
  <testcase classname="testCases.TC001_WebInput" name="WebInputTestValidation" time="7.156"/>
</testsuite> <!-- testCases.TC001_WebInput -->
