<?xml version="1.0" encoding="UTF-8"?>
<!-- Generated by org.testng.reporters.JUnitReportReporter -->
<testsuite hostname="DESKTOP-7JEQOQT" failures="0" tests="1" name="testCases.TC001_WebInput" time="2.340" errors="0" timestamp="2024-05-31T21:28:14 IST" skipped="0">
  <testcase classname="testCases.TC001_WebInput" name="WebInputTestValidation" time="2.340"/>
</testsuite> <!-- testCases.TC001_WebInput -->
